<?xml version="1.0" encoding="UTF-8"?>
<!-- Generated by org.testng.reporters.JUnitXMLReporter -->
<testsuite ignored="0" hostname="DESKTOP-72P05TN" failures="0" tests="6" name="Default test" time="26.038" errors="0" timestamp="2026-01-26T16:14:52 IST">
  <testcase classname="tests.auth.LoginTest" name="testValidLogin" time="0.87"/>
  <testcase classname="tests.auth.LoginTest" name="testLoginWithInvalidEmail" time="0.847"/>
  <testcase classname="tests.auth.LoginTest" name="testLoginWithInvalidPassword" time="1.09"/>
  <testcase classname="tests.auth.LoginTest" name="testLoginWithEmptyCredentials" time="1.113"/>
  <testcase classname="tests.auth.LoginTest" name="testForgetPasswordLink" time="0.16"/>
  <testcase classname="tests.auth.LoginTest" name="testLogout" time="1.104"/>
</testsuite> <!-- Default test -->
