<?xml version="1.0" encoding="UTF-8"?>
<!-- Generated by org.testng.reporters.JUnitXMLReporter -->
<testsuite ignored="0" hostname="DESKTOP-72P05TN" failures="0" tests="3" name="Create Order Test" time="30.213" errors="0" timestamp="2026-01-18T17:24:45 IST">
  <testcase classname="tests.CreateOrderTest" name="createOrder" time="9.931"/>
  <testcase classname="tests.CreateOrderTest" name="createOrder" time="8.76"/>
  <testcase classname="tests.CreateOrderTest" name="orderHistoryTest" time="1.309"/>
</testsuite> <!-- Create Order Test -->
