<?xml version="1.0" encoding="UTF-8"?>
<!-- Generated by org.testng.reporters.JUnitXMLReporter -->
<testsuite ignored="1" hostname="DESKTOP-72P05TN" failures="0" tests="1" name="Create Order Test" time="12.502" errors="0" timestamp="2026-01-17T19:24:06 IST">
  <testcase classname="tests.CreateOrderTest" name="createOrder" time="8.312"/>
  <testcase classname="tests.CreateOrderTest" name="orderHistoryTest" time="0.0">
    <ignored/>
  </testcase> <!-- orderHistoryTest -->
</testsuite> <!-- Create Order Test -->
