<?xml version="1.0" encoding="UTF-8"?>
<!-- Generated by org.testng.reporters.JUnitXMLReporter -->
<testsuite ignored="1" hostname="DESKTOP-72P05TN" failures="0" tests="1" name="Error Validation Test" time="3.479" errors="0" timestamp="2026-01-17T19:24:10 IST">
  <testcase classname="tests.ErrorValidationTest" name="invalidLoginTest" time="0.496"/>
  <testcase classname="tests.ErrorValidationTest" name="invalidProductTest" time="0.0">
    <ignored/>
  </testcase> <!-- invalidProductTest -->
</testsuite> <!-- Error Validation Test -->
