<?xml version="1.0" encoding="UTF-8"?>
<testng-results ignored="2" total="4" passed="2" failed="0" skipped="0">
  <reporter-output>
  </reporter-output>
  <suite started-at="2026-01-17T19:23:54 IST" name="Suite" finished-at="2026-01-17T19:24:10 IST" duration-ms="16055">
    <groups>
      <group name="Smoke Tests">
        <method signature="CreateOrderTest.createOrder()[pri:0, instance:tests.CreateOrderTest@3c46e67a]" name="createOrder" class="tests.CreateOrderTest"/>
        <method signature="ErrorValidationTest.invalidLoginTest()[pri:0, instance:tests.ErrorValidationTest@66d18979]" name="invalidLoginTest" class="tests.ErrorValidationTest"/>
      </group> <!-- Smoke Tests -->
    </groups>
    <test started-at="2026-01-17T19:23:54 IST" name="Create Order Test" finished-at="2026-01-17T19:24:06 IST" duration-ms="12502">
      <class name="tests.CreateOrderTest">
        <test-method is-config="true" signature="launchApplication()[pri:0, instance:tests.CreateOrderTest@3c46e67a]" started-at="2026-01-17T19:23:54 IST" name="launchApplication" finished-at="2026-01-17T19:23:58 IST" duration-ms="4010" status="PASS">
          <reporter-output>
          </reporter-output>
        </test-method> <!-- launchApplication -->
        <test-method signature="createOrder()[pri:0, instance:tests.CreateOrderTest@3c46e67a]" started-at="2026-01-17T19:23:58 IST" name="createOrder" finished-at="2026-01-17T19:24:06 IST" duration-ms="8312" status="PASS">
          <reporter-output>
          </reporter-output>
        </test-method> <!-- createOrder -->
        <test-method is-config="true" signature="tearDown()[pri:0, instance:tests.CreateOrderTest@3c46e67a]" started-at="2026-01-17T19:24:06 IST" name="tearDown" finished-at="2026-01-17T19:24:06 IST" duration-ms="133" status="PASS">
          <reporter-output>
          </reporter-output>
        </test-method> <!-- tearDown -->
      </class> <!-- tests.CreateOrderTest -->
    </test> <!-- Create Order Test -->
    <test started-at="2026-01-17T19:24:06 IST" name="Error Validation Test" finished-at="2026-01-17T19:24:10 IST" duration-ms="3479">
      <class name="tests.ErrorValidationTest">
        <test-method is-config="true" signature="launchApplication()[pri:0, instance:tests.ErrorValidationTest@66d18979]" started-at="2026-01-17T19:24:06 IST" name="launchApplication" finished-at="2026-01-17T19:24:09 IST" duration-ms="2878" status="PASS">
          <reporter-output>
          </reporter-output>
        </test-method> <!-- launchApplication -->
        <test-method signature="invalidLoginTest()[pri:0, instance:tests.ErrorValidationTest@66d18979]" started-at="2026-01-17T19:24:09 IST" name="invalidLoginTest" finished-at="2026-01-17T19:24:10 IST" duration-ms="496" status="PASS">
          <reporter-output>
          </reporter-output>
        </test-method> <!-- invalidLoginTest -->
        <test-method is-config="true" signature="tearDown()[pri:0, instance:tests.ErrorValidationTest@66d18979]" started-at="2026-01-17T19:24:10 IST" name="tearDown" finished-at="2026-01-17T19:24:10 IST" duration-ms="93" status="PASS">
          <reporter-output>
          </reporter-output>
        </test-method> <!-- tearDown -->
      </class> <!-- tests.ErrorValidationTest -->
    </test> <!-- Error Validation Test -->
  </suite> <!-- Suite -->
</testng-results>
