<?xml version="1.0" encoding="UTF-8"?>
<!-- Generated by org.testng.reporters.JUnitReportReporter -->
<testsuite hostname="DESKTOP-72P05TN" failures="0" tests="3" name="tests.CreateOrderTest" time="30.066" errors="0" timestamp="2026-01-18T17:24:45 IST" skipped="0">
  <testcase classname="tests.CreateOrderTest" name="createOrder" time="11.833"/>
  <testcase classname="tests.CreateOrderTest" name="createOrder" time="15.210"/>
  <testcase classname="tests.CreateOrderTest" name="orderHistoryTest" time="3.023"/>
</testsuite> <!-- tests.CreateOrderTest -->
