<?xml version="1.0" encoding="UTF-8"?>
<!-- Generated by org.testng.reporters.JUnitReportReporter -->
<testsuite hostname="DESKTOP-72P05TN" failures="0" tests="2" name="tests.ErrorValidationTest" time="15.770" errors="0" timestamp="2026-01-15T22:25:48 IST" skipped="0">
  <testcase classname="tests.ErrorValidationTest" name="loginValidationTest" time="4.449"/>
  <testcase classname="tests.ErrorValidationTest" name="productErrorValidation" time="11.321"/>
</testsuite> <!-- tests.ErrorValidationTest -->
