<?xml version="1.0" encoding="UTF-8"?>
<!-- Generated by org.testng.reporters.JUnitReportReporter -->
<testsuite hostname="DESKTOP-72P05TN" failures="0" tests="6" name="tests.auth.LoginTest" time="25.941" errors="0" timestamp="2026-01-26T16:14:52 IST" skipped="0">
  <testcase classname="tests.auth.LoginTest" name="testValidLogin" time="4.814"/>
  <testcase classname="tests.auth.LoginTest" name="testLoginWithInvalidEmail" time="5.437"/>
  <testcase classname="tests.auth.LoginTest" name="testLoginWithInvalidPassword" time="5.841"/>
  <testcase classname="tests.auth.LoginTest" name="testLoginWithEmptyCredentials" time="3.017"/>
  <testcase classname="tests.auth.LoginTest" name="testForgetPasswordLink" time="3.891"/>
  <testcase classname="tests.auth.LoginTest" name="testLogout" time="2.941"/>
</testsuite> <!-- tests.auth.LoginTest -->
