<?xml version="1.0" encoding="UTF-8"?>
<!-- Generated by org.testng.reporters.JUnitReportReporter -->
<testsuite hostname="DESKTOP-72P05TN" failures="0" tests="2" name="ecom.ErrorValidationTest" time="18.564" errors="0" timestamp="2026-01-15T21:45:53 IST" skipped="0">
  <testcase classname="ecom.ErrorValidationTest" name="productErrorValidation" time="10.047"/>
  <testcase classname="ecom.ErrorValidationTest" name="loginValidationTest" time="8.517"/>
</testsuite> <!-- ecom.ErrorValidationTest -->
